<?xml version="1.0" encoding="UTF-8"?>
<testsuite xmlns:xsi="http://www.w3.org/2001/XMLSchema-instance" xsi:noNamespaceSchemaLocation="https://maven.apache.org/surefire/maven-surefire-plugin/xsd/surefire-test-report-3.0.xsd" version="3.0" name="com.example.PaymentServiceTest" time="0.066" tests="1" errors="0" skipped="0" failures="0">
  <properties>
    <property name="java.specification.version" value="21"/>
    <property name="sun.cpu.isalist" value="amd64"/>
    <property name="sun.jnu.encoding" value="Cp1252"/>
    <property name="java.class.path" value="C:\Users\FredericoRocha\avaliacao-candidato\target\test-classes;C:\Users\FredericoRocha\avaliacao-candidato\target\classes;C:\Users\FredericoRocha\.m2\repository\software\amazon\awssdk\sqs\2.20.15\sqs-2.20.15.jar;C:\Users\FredericoRocha\.m2\repository\software\amazon\awssdk\aws-query-protocol\2.20.15\aws-query-protocol-2.20.15.jar;C:\Users\FredericoRocha\.m2\repository\software\amazon\awssdk\protocol-core\2.20.15\protocol-core-2.20.15.jar;C:\Users\FredericoRocha\.m2\repository\software\amazon\awssdk\sdk-core\2.20.15\sdk-core-2.20.15.jar;C:\Users\FredericoRocha\.m2\repository\software\amazon\awssdk\profiles\2.20.15\profiles-2.20.15.jar;C:\Users\FredericoRocha\.m2\repository\org\slf4j\slf4j-api\1.7.30\slf4j-api-1.7.30.jar;C:\Users\FredericoRocha\.m2\repository\org\reactivestreams\reactive-streams\1.0.3\reactive-streams-1.0.3.jar;C:\Users\FredericoRocha\.m2\repository\software\amazon\awssdk\auth\2.20.15\auth-2.20.15.jar;C:\Users\FredericoRocha\.m2\repository\software\amazon\eventstream\eventstream\1.0.1\eventstream-1.0.1.jar;C:\Users\FredericoRocha\.m2\repository\software\amazon\awssdk\http-client-spi\2.20.15\http-client-spi-2.20.15.jar;C:\Users\FredericoRocha\.m2\repository\software\amazon\awssdk\regions\2.20.15\regions-2.20.15.jar;C:\Users\FredericoRocha\.m2\repository\software\amazon\awssdk\annotations\2.20.15\annotations-2.20.15.jar;C:\Users\FredericoRocha\.m2\repository\software\amazon\awssdk\utils\2.20.15\utils-2.20.15.jar;C:\Users\FredericoRocha\.m2\repository\software\amazon\awssdk\aws-core\2.20.15\aws-core-2.20.15.jar;C:\Users\FredericoRocha\.m2\repository\software\amazon\awssdk\metrics-spi\2.20.15\metrics-spi-2.20.15.jar;C:\Users\FredericoRocha\.m2\repository\software\amazon\awssdk\json-utils\2.20.15\json-utils-2.20.15.jar;C:\Users\FredericoRocha\.m2\repository\software\amazon\awssdk\third-party-jackson-core\2.20.15\third-party-jackson-core-2.20.15.jar;C:\Users\FredericoRocha\.m2\repository\software\amazon\awssdk\endpoints-spi\2.20.15\endpoints-spi-2.20.15.jar;C:\Users\FredericoRocha\.m2\repository\software\amazon\awssdk\apache-client\2.20.15\apache-client-2.20.15.jar;C:\Users\FredericoRocha\.m2\repository\org\apache\httpcomponents\httpclient\4.5.13\httpclient-4.5.13.jar;C:\Users\FredericoRocha\.m2\repository\commons-logging\commons-logging\1.2\commons-logging-1.2.jar;C:\Users\FredericoRocha\.m2\repository\org\apache\httpcomponents\httpcore\4.4.13\httpcore-4.4.13.jar;C:\Users\FredericoRocha\.m2\repository\commons-codec\commons-codec\1.15\commons-codec-1.15.jar;C:\Users\FredericoRocha\.m2\repository\software\amazon\awssdk\netty-nio-client\2.20.15\netty-nio-client-2.20.15.jar;C:\Users\FredericoRocha\.m2\repository\io\netty\netty-codec-http\4.1.86.Final\netty-codec-http-4.1.86.Final.jar;C:\Users\FredericoRocha\.m2\repository\io\netty\netty-codec-http2\4.1.86.Final\netty-codec-http2-4.1.86.Final.jar;C:\Users\FredericoRocha\.m2\repository\io\netty\netty-codec\4.1.86.Final\netty-codec-4.1.86.Final.jar;C:\Users\FredericoRocha\.m2\repository\io\netty\netty-transport\4.1.86.Final\netty-transport-4.1.86.Final.jar;C:\Users\FredericoRocha\.m2\repository\io\netty\netty-resolver\4.1.86.Final\netty-resolver-4.1.86.Final.jar;C:\Users\FredericoRocha\.m2\repository\io\netty\netty-common\4.1.86.Final\netty-common-4.1.86.Final.jar;C:\Users\FredericoRocha\.m2\repository\io\netty\netty-buffer\4.1.86.Final\netty-buffer-4.1.86.Final.jar;C:\Users\FredericoRocha\.m2\repository\io\netty\netty-handler\4.1.86.Final\netty-handler-4.1.86.Final.jar;C:\Users\FredericoRocha\.m2\repository\io\netty\netty-transport-native-unix-common\4.1.86.Final\netty-transport-native-unix-common-4.1.86.Final.jar;C:\Users\FredericoRocha\.m2\repository\io\netty\netty-transport-classes-epoll\4.1.86.Final\netty-transport-classes-epoll-4.1.86.Final.jar;C:\Users\FredericoRocha\.m2\repository\javax\persistence\javax.persistence-api\2.2\javax.persistence-api-2.2.jar;C:\Users\FredericoRocha\.m2\repository\junit\junit\4.13.2\junit-4.13.2.jar;C:\Users\FredericoRocha\.m2\repository\org\hamcrest\hamcrest-core\1.3\hamcrest-core-1.3.jar;"/>
    <property name="java.vm.vendor" value="Oracle Corporation"/>
    <property name="sun.arch.data.model" value="64"/>
    <property name="user.variant" value=""/>
    <property name="java.vendor.url" value="https://java.oracle.com/"/>
    <property name="user.timezone" value="America/Sao_Paulo"/>
    <property name="os.name" value="Windows 11"/>
    <property name="java.vm.specification.version" value="21"/>
    <property name="sun.java.launcher" value="SUN_STANDARD"/>
    <property name="user.country" value="BR"/>
    <property name="sun.boot.library.path" value="C:\Users\FredericoRocha\.jdks\openjdk-21.0.2\bin"/>
    <property name="sun.java.command" value="C:\Users\FredericoRocha\AppData\Local\Temp\surefire842335258230865763\surefirebooter-20240910094108819_3.jar C:\Users\FredericoRocha\AppData\Local\Temp\surefire842335258230865763 2024-09-10T09-41-08_531-jvmRun1 surefire-20240910094108819_1tmp surefire_0-20240910094108819_2tmp"/>
    <property name="jdk.debug" value="release"/>
    <property name="surefire.test.class.path" value="C:\Users\FredericoRocha\avaliacao-candidato\target\test-classes;C:\Users\FredericoRocha\avaliacao-candidato\target\classes;C:\Users\FredericoRocha\.m2\repository\software\amazon\awssdk\sqs\2.20.15\sqs-2.20.15.jar;C:\Users\FredericoRocha\.m2\repository\software\amazon\awssdk\aws-query-protocol\2.20.15\aws-query-protocol-2.20.15.jar;C:\Users\FredericoRocha\.m2\repository\software\amazon\awssdk\protocol-core\2.20.15\protocol-core-2.20.15.jar;C:\Users\FredericoRocha\.m2\repository\software\amazon\awssdk\sdk-core\2.20.15\sdk-core-2.20.15.jar;C:\Users\FredericoRocha\.m2\repository\software\amazon\awssdk\profiles\2.20.15\profiles-2.20.15.jar;C:\Users\FredericoRocha\.m2\repository\org\slf4j\slf4j-api\1.7.30\slf4j-api-1.7.30.jar;C:\Users\FredericoRocha\.m2\repository\org\reactivestreams\reactive-streams\1.0.3\reactive-streams-1.0.3.jar;C:\Users\FredericoRocha\.m2\repository\software\amazon\awssdk\auth\2.20.15\auth-2.20.15.jar;C:\Users\FredericoRocha\.m2\repository\software\amazon\eventstream\eventstream\1.0.1\eventstream-1.0.1.jar;C:\Users\FredericoRocha\.m2\repository\software\amazon\awssdk\http-client-spi\2.20.15\http-client-spi-2.20.15.jar;C:\Users\FredericoRocha\.m2\repository\software\amazon\awssdk\regions\2.20.15\regions-2.20.15.jar;C:\Users\FredericoRocha\.m2\repository\software\amazon\awssdk\annotations\2.20.15\annotations-2.20.15.jar;C:\Users\FredericoRocha\.m2\repository\software\amazon\awssdk\utils\2.20.15\utils-2.20.15.jar;C:\Users\FredericoRocha\.m2\repository\software\amazon\awssdk\aws-core\2.20.15\aws-core-2.20.15.jar;C:\Users\FredericoRocha\.m2\repository\software\amazon\awssdk\metrics-spi\2.20.15\metrics-spi-2.20.15.jar;C:\Users\FredericoRocha\.m2\repository\software\amazon\awssdk\json-utils\2.20.15\json-utils-2.20.15.jar;C:\Users\FredericoRocha\.m2\repository\software\amazon\awssdk\third-party-jackson-core\2.20.15\third-party-jackson-core-2.20.15.jar;C:\Users\FredericoRocha\.m2\repository\software\amazon\awssdk\endpoints-spi\2.20.15\endpoints-spi-2.20.15.jar;C:\Users\FredericoRocha\.m2\repository\software\amazon\awssdk\apache-client\2.20.15\apache-client-2.20.15.jar;C:\Users\FredericoRocha\.m2\repository\org\apache\httpcomponents\httpclient\4.5.13\httpclient-4.5.13.jar;C:\Users\FredericoRocha\.m2\repository\commons-logging\commons-logging\1.2\commons-logging-1.2.jar;C:\Users\FredericoRocha\.m2\repository\org\apache\httpcomponents\httpcore\4.4.13\httpcore-4.4.13.jar;C:\Users\FredericoRocha\.m2\repository\commons-codec\commons-codec\1.15\commons-codec-1.15.jar;C:\Users\FredericoRocha\.m2\repository\software\amazon\awssdk\netty-nio-client\2.20.15\netty-nio-client-2.20.15.jar;C:\Users\FredericoRocha\.m2\repository\io\netty\netty-codec-http\4.1.86.Final\netty-codec-http-4.1.86.Final.jar;C:\Users\FredericoRocha\.m2\repository\io\netty\netty-codec-http2\4.1.86.Final\netty-codec-http2-4.1.86.Final.jar;C:\Users\FredericoRocha\.m2\repository\io\netty\netty-codec\4.1.86.Final\netty-codec-4.1.86.Final.jar;C:\Users\FredericoRocha\.m2\repository\io\netty\netty-transport\4.1.86.Final\netty-transport-4.1.86.Final.jar;C:\Users\FredericoRocha\.m2\repository\io\netty\netty-resolver\4.1.86.Final\netty-resolver-4.1.86.Final.jar;C:\Users\FredericoRocha\.m2\repository\io\netty\netty-common\4.1.86.Final\netty-common-4.1.86.Final.jar;C:\Users\FredericoRocha\.m2\repository\io\netty\netty-buffer\4.1.86.Final\netty-buffer-4.1.86.Final.jar;C:\Users\FredericoRocha\.m2\repository\io\netty\netty-handler\4.1.86.Final\netty-handler-4.1.86.Final.jar;C:\Users\FredericoRocha\.m2\repository\io\netty\netty-transport-native-unix-common\4.1.86.Final\netty-transport-native-unix-common-4.1.86.Final.jar;C:\Users\FredericoRocha\.m2\repository\io\netty\netty-transport-classes-epoll\4.1.86.Final\netty-transport-classes-epoll-4.1.86.Final.jar;C:\Users\FredericoRocha\.m2\repository\javax\persistence\javax.persistence-api\2.2\javax.persistence-api-2.2.jar;C:\Users\FredericoRocha\.m2\repository\junit\junit\4.13.2\junit-4.13.2.jar;C:\Users\FredericoRocha\.m2\repository\org\hamcrest\hamcrest-core\1.3\hamcrest-core-1.3.jar;"/>
    <property name="sun.cpu.endian" value="little"/>
    <property name="user.home" value="C:\Users\FredericoRocha"/>
    <property name="user.language" value="pt"/>
    <property name="java.specification.vendor" value="Oracle Corporation"/>
    <property name="java.version.date" value="2024-01-16"/>
    <property name="java.home" value="C:\Users\FredericoRocha\.jdks\openjdk-21.0.2"/>
    <property name="file.separator" value="\"/>
    <property name="basedir" value="C:\Users\FredericoRocha\avaliacao-candidato"/>
    <property name="java.vm.compressedOopsMode" value="Zero based"/>
    <property name="line.separator" value="&#10;"/>
    <property name="java.vm.specification.vendor" value="Oracle Corporation"/>
    <property name="java.specification.name" value="Java Platform API Specification"/>
    <property name="surefire.real.class.path" value="C:\Users\FredericoRocha\AppData\Local\Temp\surefire842335258230865763\surefirebooter-20240910094108819_3.jar"/>
    <property name="user.script" value=""/>
    <property name="sun.management.compiler" value="HotSpot 64-Bit Tiered Compilers"/>
    <property name="java.runtime.version" value="21.0.2+13-58"/>
    <property name="user.name" value="FredericoRocha"/>
    <property name="stdout.encoding" value="Cp1252"/>
    <property name="path.separator" value=";"/>
    <property name="os.version" value="10.0"/>
    <property name="java.runtime.name" value="OpenJDK Runtime Environment"/>
    <property name="file.encoding" value="UTF-8"/>
    <property name="java.vm.name" value="OpenJDK 64-Bit Server VM"/>
    <property name="localRepository" value="C:\Users\FredericoRocha\.m2\repository"/>
    <property name="java.vendor.url.bug" value="https://bugreport.java.com/bugreport/"/>
    <property name="java.io.tmpdir" value="C:\Users\FREDER~1\AppData\Local\Temp\"/>
    <property name="idea.version" value="2023.3.4"/>
    <property name="java.version" value="21.0.2"/>
    <property name="user.dir" value="C:\Users\FredericoRocha\avaliacao-candidato"/>
    <property name="os.arch" value="amd64"/>
    <property name="java.vm.specification.name" value="Java Virtual Machine Specification"/>
    <property name="sun.os.patch.level" value=""/>
    <property name="native.encoding" value="Cp1252"/>
    <property name="java.library.path" value="C:\Users\FredericoRocha\.jdks\openjdk-21.0.2\bin;C:\Windows\Sun\Java\bin;C:\Windows\system32;C:\Windows;C:\flutter\bin;C:\flutter\bin;C:\Program Files\Common Files\Oracle\Java\javapath;C:\Program Files (x86)\Common Files\Oracle\Java\java8path;C:\Program Files (x86)\Common Files\Oracle\Java\javapath;C:\Windows\system32;C:\Windows;C:\Windows\System32\Wbem;C:\Windows\System32\WindowsPowerShell\v1.0\;C:\Windows\System32\OpenSSH\;C:\Program Files\dotnet\;C:\Program Files\PuTTY\;C:\Program Files (x86)\Microsoft SQL Server\160\Tools\Binn\;C:\Program Files\Microsoft SQL Server\160\Tools\Binn\;C:\Program Files\Microsoft SQL Server\Client SDK\ODBC\170\Tools\Binn\;C:\Program Files\Microsoft SQL Server\160\DTS\Binn\;C:\Program Files\Docker\Docker\resources\bin;C:\Program Files\MySQL\MySQL Shell 8.0\bin\;C:\Users\FredericoRocha\AppData\Local\Microsoft\WindowsApps;C:\Users\FredericoRocha\AppData\Local\GitHubDesktop\bin;C:\Users\FredericoRocha\AppData\Local\Programs\Microsoft VS Code\bin;C:\Users\FredericoRocha\AppData\Local\Programs\Python\Python312\;C:\Users\FredericoRocha\AppData\Local\Programs\Python\Python312\Scripts\;C:\Strawberry\c\bin;C:\Strawberry\perl\site\bin;C:\Strawberry\perl\bin;C:\Users\FredericoRocha\flutter\bin;C:\Program Files\JetBrains\PyCharm 2024.1.4\bin;C:\Program Files\Apache\apache-maven-3.9.8\bin;C:\Program Files\Apache\apache-maven-3.9.8\bin;C:\Program Files\Apache\apache-maven-3.9.8\bin;C:\Program Files\Git\cmd;C:\Program Files\nodejs\;C:\Users\FredericoRocha\AppData\Roaming\npm;C:\Program Files\JetBrains\IntelliJ IDEA 2024.2.1\bin;C:\spring-cli\bin;C:\Users\FredericoRocha\Downloads\spring-boot-cli-3.3.3-bin\spring-3.3.3\bin;C:\gradle-8.8\bin;C:\Program Files\MySQL\MySQL Shell 8.0\bin\;C:\Users\FredericoRocha\AppData\Local\Programs\Python\Python312\Scripts\;C:\Users\FredericoRocha\AppData\Local\Programs\Python\Python312\;C:\Users\FredericoRocha\AppData\Local\Microsoft\WindowsApps;C:\Users\FredericoRocha\AppData\Local\GitHubDesktop\bin;C:\Users\FredericoRocha\AppData\Local\Programs\Microsoft VS Code\bin;C:\Users\FredericoRocha\flutter\bin;;C:\Program Files\JetBrains\PyCharm 2024.1.4\bin;;C:\Users\FredericoRocha\AppData\Roaming\npm;C:\Program Files\JetBrains\IntelliJ IDEA 2024.2.1\bin;;."/>
    <property name="java.vm.info" value="mixed mode, sharing"/>
    <property name="stderr.encoding" value="Cp1252"/>
    <property name="java.vendor" value="Oracle Corporation"/>
    <property name="java.vm.version" value="21.0.2+13-58"/>
    <property name="sun.io.unicode.encoding" value="UnicodeLittle"/>
    <property name="java.class.version" value="65.0"/>
  </properties>
  <testcase name="testProcessPayments" classname="com.example.PaymentServiceTest" time="0.014">
    <system-out><![CDATA[Enviando para fila: EXCESS
]]></system-out>
  </testcase>
</testsuite>